<?xml version="1.0" encoding="UTF-8"?>
<!-- Generated by org.testng.reporters.JUnitXMLReporter -->
<testsuite hostname="gslb.cisco.com" name="Ant test" tests="2" failures="0" timestamp="16 Oct 2015 15:23:37 GMT" time="4.575" errors="0">
  <testcase name="createSecondaryZone" time="0.352" classname="com.verisign.api.sample.CreateSecondaryDomain"/>
  <testcase name="getCustomerNameServerList" time="0.063" classname="com.verisign.api.sample.GetAccountNameServerList"/>
</testsuite> <!-- Ant test -->
